[23:06:28]: get_user_includes has returned []
[23:06:30]: get_user_includes has returned []
[23:06:33]: get_user_includes has returned []
[23:06:37]: get_user_includes has returned []
[23:06:37]: get_user_includes has returned []
[23:06:37]: get_user_includes has returned []
[23:06:37]: get_user_includes has returned []
[23:06:37]: get_user_includes has returned []
[23:06:37]: get_user_includes has returned []
[23:06:37]: get_user_includes has returned []
[23:06:37]: get_user_includes has returned []
[23:06:37]: get_user_includes has returned []
[23:06:42]: get_user_includes has returned [WindowsPath('D:/0. APCS/2. Personal Projects/CPP-Autograding-System/data/raw/Week01/SUBMISSIONS/Lê Quỳnh Anh_805168_assignsubmission_file/25125071_W01_06/Excercise 06/Exercise 06/IceCreamParlor.h')]
[23:06:43]: get_user_includes has returned [WindowsPath('D:/0. APCS/2. Personal Projects/CPP-Autograding-System/data/raw/Week01/SUBMISSIONS/Lê Quỳnh Anh_805168_assignsubmission_file/25125071_W01_06/Excercise 06/Exercise 06/IceCreamParlor.h')]
[23:06:45]: get_user_includes has returned [WindowsPath('D:/0. APCS/2. Personal Projects/CPP-Autograding-System/data/raw/Week01/SUBMISSIONS/Lê Quỳnh Anh_805168_assignsubmission_file/25125071_W01_06/Exercise 02/Exercise 02/MyHashSet.h')]
[23:06:46]: get_user_includes has returned [WindowsPath('D:/0. APCS/2. Personal Projects/CPP-Autograding-System/data/raw/Week01/SUBMISSIONS/Lê Quỳnh Anh_805168_assignsubmission_file/25125071_W01_06/Exercise 02/Exercise 02/MyHashSet.h')]
[23:06:47]: get_user_includes has returned [WindowsPath('D:/0. APCS/2. Personal Projects/CPP-Autograding-System/data/raw/Week01/SUBMISSIONS/Lê Quỳnh Anh_805168_assignsubmission_file/25125071_W01_06/Exercise 03/Exercise 03/MyHashSet.h')]
[23:06:49]: get_user_includes has returned [WindowsPath('D:/0. APCS/2. Personal Projects/CPP-Autograding-System/data/raw/Week01/SUBMISSIONS/Lê Quỳnh Anh_805168_assignsubmission_file/25125071_W01_06/Exercise 03/Exercise 03/MyHashSet.h')]
[23:06:50]: get_user_includes has returned [WindowsPath('D:/0. APCS/2. Personal Projects/CPP-Autograding-System/data/raw/Week01/SUBMISSIONS/Lê Quỳnh Anh_805168_assignsubmission_file/25125071_W01_06/Exercise 05/Exercise 05/RansomNote.h')]
[23:06:52]: get_user_includes has returned [WindowsPath('D:/0. APCS/2. Personal Projects/CPP-Autograding-System/data/raw/Week01/SUBMISSIONS/Lê Quỳnh Anh_805168_assignsubmission_file/25125071_W01_06/Exercise 05/Exercise 05/RansomNote.h')]
[23:06:52]: get_user_includes has returned []
[23:06:52]: get_user_includes has returned []
[23:06:52]: get_user_includes has returned []
[23:06:52]: get_user_includes has returned []
[23:06:52]: get_user_includes has returned []
[23:06:52]: get_user_includes has returned []
[23:06:52]: get_user_includes has returned []
[23:06:52]: get_user_includes has returned []
[23:06:52]: get_user_includes has returned []
[23:06:52]: get_user_includes has returned []
[23:06:52]: get_user_includes has returned []
[23:06:52]: get_user_includes has returned []
[23:06:52]: get_user_includes has returned []
[23:06:52]: get_user_includes has returned []
[23:06:52]: get_user_includes has returned []
[23:06:52]: get_user_includes has returned []
[23:06:52]: get_user_includes has returned []
[23:06:52]: get_user_includes has returned []
[23:06:52]: get_user_includes has returned []
[23:06:53]: get_user_includes has returned []
[23:06:53]: get_user_includes has returned []
[23:06:53]: get_user_includes has returned []
[23:06:53]: get_user_includes has returned []
[23:06:53]: get_user_includes has returned []
[23:06:53]: get_user_includes has returned []
[23:06:53]: get_user_includes has returned []
[23:06:53]: get_user_includes has returned []
[23:06:53]: get_user_includes has returned []
[23:06:53]: get_user_includes has returned []
[23:06:53]: get_user_includes has returned []
[23:06:54]: get_user_includes has returned [WindowsPath('D:/0. APCS/2. Personal Projects/CPP-Autograding-System/data/raw/Week01/SUBMISSIONS/Nguyễn Tấn Minh_805179_assignsubmission_file/25125027_W01/Exercise02/MyHashSet.hpp')]
[23:06:55]: get_user_includes has returned [WindowsPath('D:/0. APCS/2. Personal Projects/CPP-Autograding-System/data/raw/Week01/SUBMISSIONS/Nguyễn Tấn Minh_805179_assignsubmission_file/25125027_W01/Exercise02/MyHashSet.hpp')]
[23:06:56]: get_user_includes has returned [WindowsPath('D:/0. APCS/2. Personal Projects/CPP-Autograding-System/data/raw/Week01/SUBMISSIONS/Nguyễn Tấn Minh_805179_assignsubmission_file/25125027_W01/Exercise03/MyHashSet.hpp')]
[23:06:57]: get_user_includes has returned [WindowsPath('D:/0. APCS/2. Personal Projects/CPP-Autograding-System/data/raw/Week01/SUBMISSIONS/Nguyễn Tấn Minh_805179_assignsubmission_file/25125027_W01/Exercise03/MyHashSet.hpp')]
[23:06:57]: get_user_includes has returned []
[23:06:57]: get_user_includes has returned []
[23:06:57]: get_user_includes has returned []
[23:06:57]: get_user_includes has returned []
[23:06:57]: get_user_includes has returned []
[23:06:57]: get_user_includes has returned []
[23:06:57]: get_user_includes has returned []
[23:06:57]: get_user_includes has returned []
[23:06:57]: get_user_includes has returned []
[23:06:57]: get_user_includes has returned []
[23:06:58]: get_user_includes has returned []
[23:07:00]: get_user_includes has returned []
[23:07:01]: get_user_includes has returned []
[23:07:02]: get_user_includes has returned []
[23:07:02]: get_user_includes has returned []
[23:07:03]: get_user_includes has returned []
[23:07:04]: get_user_includes has returned []
[23:07:05]: get_user_includes has returned []
[23:07:07]: get_user_includes has returned []
[23:07:08]: get_user_includes has returned []
[23:07:08]: get_user_includes has returned []
[23:07:08]: get_user_includes has returned []
[23:07:08]: get_user_includes has returned []
[23:07:08]: get_user_includes has returned []
[23:07:08]: get_user_includes has returned []
[23:07:08]: get_user_includes has returned []
[23:07:09]: get_user_includes has returned []
[23:07:09]: get_user_includes has returned []
[23:07:09]: get_user_includes has returned []
[23:07:09]: get_user_includes has returned []
[23:07:09]: get_user_includes has returned []
[23:07:09]: get_user_includes has returned []
[23:07:09]: get_user_includes has returned []
[23:07:09]: get_user_includes has returned []
[23:07:10]: get_user_includes has returned []
[23:07:12]: get_user_includes has returned []
[23:07:14]: get_user_includes has returned []
[23:07:15]: get_user_includes has returned []
[23:07:17]: get_user_includes has returned [WindowsPath('D:/0. APCS/2. Personal Projects/CPP-Autograding-System/data/raw/Week01/SUBMISSIONS/Trần Đức Toàn_805151_assignsubmission_file/25125091_W01_06/P01/P01.h')]
[23:07:21]: get_user_includes has returned [WindowsPath('D:/0. APCS/2. Personal Projects/CPP-Autograding-System/data/raw/Week01/SUBMISSIONS/Trần Đức Toàn_805151_assignsubmission_file/25125091_W01_06/P01/P01.h')]
[23:07:25]: get_user_includes has returned []
[23:07:25]: get_user_includes has returned []
[23:07:25]: get_user_includes has returned []
[23:07:25]: get_user_includes has returned []
[23:07:28]: get_user_includes has returned [WindowsPath('D:/0. APCS/2. Personal Projects/CPP-Autograding-System/data/raw/Week01/SUBMISSIONS/Đặng Thanh Toàn_805158_assignsubmission_file/25125090_W01/Exercise01/Probing.hpp')]
[23:07:30]: get_user_includes has returned [WindowsPath('D:/0. APCS/2. Personal Projects/CPP-Autograding-System/data/raw/Week01/SUBMISSIONS/Đặng Thanh Toàn_805158_assignsubmission_file/25125090_W01/Exercise01/Probing.hpp')]
[23:07:32]: get_user_includes has returned [WindowsPath('D:/0. APCS/2. Personal Projects/CPP-Autograding-System/data/raw/Week01/SUBMISSIONS/Đặng Thanh Toàn_805158_assignsubmission_file/25125090_W01/Exercise02/Chaining.hpp')]
[23:07:33]: get_user_includes has returned [WindowsPath('D:/0. APCS/2. Personal Projects/CPP-Autograding-System/data/raw/Week01/SUBMISSIONS/Đặng Thanh Toàn_805158_assignsubmission_file/25125090_W01/Exercise02/Chaining.hpp')]
[23:07:35]: get_user_includes has returned [WindowsPath('D:/0. APCS/2. Personal Projects/CPP-Autograding-System/data/raw/Week01/SUBMISSIONS/Đặng Thanh Toàn_805158_assignsubmission_file/25125090_W01/Exercise03/MyHashSet.hpp')]
[23:07:37]: get_user_includes has returned [WindowsPath('D:/0. APCS/2. Personal Projects/CPP-Autograding-System/data/raw/Week01/SUBMISSIONS/Đặng Thanh Toàn_805158_assignsubmission_file/25125090_W01/Exercise03/MyHashSet.hpp')]
[23:07:37]: get_user_includes has returned []
[23:07:37]: get_user_includes has returned []
[23:07:39]: get_user_includes has returned [WindowsPath('D:/0. APCS/2. Personal Projects/CPP-Autograding-System/data/raw/Week01/SUBMISSIONS/Đỗ Viết Hoàng Long_805173_assignsubmission_file/25125024_W01_06/Exercise02/chaining.h')]
[23:07:41]: get_user_includes has returned [WindowsPath('D:/0. APCS/2. Personal Projects/CPP-Autograding-System/data/raw/Week01/SUBMISSIONS/Đỗ Viết Hoàng Long_805173_assignsubmission_file/25125024_W01_06/Exercise02/chaining.h')]
[23:07:46]: get_user_includes has returned [WindowsPath('D:/0. APCS/2. Personal Projects/CPP-Autograding-System/data/raw/Week01/SUBMISSIONS/Đỗ Viết Hoàng Long_805173_assignsubmission_file/25125024_W01_06/Exercise03/linear_probing.h')]
[23:07:47]: get_user_includes has returned [WindowsPath('D:/0. APCS/2. Personal Projects/CPP-Autograding-System/data/raw/Week01/SUBMISSIONS/Đỗ Viết Hoàng Long_805173_assignsubmission_file/25125024_W01_06/Exercise03/linear_probing.h')]
[23:07:49]: get_user_includes has returned [WindowsPath('D:/0. APCS/2. Personal Projects/CPP-Autograding-System/data/raw/Week01/SUBMISSIONS/Đỗ Viết Hoàng Long_805173_assignsubmission_file/25125024_W01_06/Exercise05/ransom.h')]
[23:07:50]: get_user_includes has returned [WindowsPath('D:/0. APCS/2. Personal Projects/CPP-Autograding-System/data/raw/Week01/SUBMISSIONS/Đỗ Viết Hoàng Long_805173_assignsubmission_file/25125024_W01_06/Exercise05/ransom.h')]
[23:07:52]: get_user_includes has returned [WindowsPath('D:/0. APCS/2. Personal Projects/CPP-Autograding-System/data/raw/Week01/SUBMISSIONS/Đỗ Viết Hoàng Long_805173_assignsubmission_file/25125024_W01_06/Exercise06/cream.h')]
[23:07:54]: get_user_includes has returned [WindowsPath('D:/0. APCS/2. Personal Projects/CPP-Autograding-System/data/raw/Week01/SUBMISSIONS/Đỗ Viết Hoàng Long_805173_assignsubmission_file/25125024_W01_06/Exercise06/cream.h')]
[23:07:54]: get_user_includes has returned [WindowsPath('D:/0. APCS/2. Personal Projects/CPP-Autograding-System/data/raw/Week02/SUBMISSIONS/Bài của Bành/25125085/Ex01/libs/utils.cpp'), WindowsPath('D:/0. APCS/2. Personal Projects/CPP-Autograding-System/data/raw/Week02/SUBMISSIONS/Bài của Bành/25125085/Ex01/libs/utils.h')]
[23:07:54]: get_user_includes has returned [WindowsPath('D:/0. APCS/2. Personal Projects/CPP-Autograding-System/data/raw/Week02/SUBMISSIONS/Bài của Bành/25125085/Ex01/libs/utils.cpp'), WindowsPath('D:/0. APCS/2. Personal Projects/CPP-Autograding-System/data/raw/Week02/SUBMISSIONS/Bài của Bành/25125085/Ex01/libs/utils.h')]
